<?xml version="1.0" encoding="UTF-8"?>
<testng-results skipped="0" failed="0" ignored="0" total="1" passed="1">
  <reporter-output>
  </reporter-output>
  <suite name="Default suite" duration-ms="6553" started-at="2021-06-12T19:46:47 IST" finished-at="2021-06-12T19:46:54 IST">
    <groups>
    </groups>
    <test name="Default test" duration-ms="6553" started-at="2021-06-12T19:46:47 IST" finished-at="2021-06-12T19:46:54 IST">
      <class name="org.javaTuto.ListofWebElements">
        <test-method status="PASS" signature="ElementList()[pri:0, instance:org.javaTuto.ListofWebElements@7403c468]" name="ElementList" duration-ms="6489" started-at="2021-06-12T19:46:47 IST" finished-at="2021-06-12T19:46:54 IST">
          <reporter-output>
          </reporter-output>
        </test-method> <!-- ElementList -->
      </class> <!-- org.javaTuto.ListofWebElements -->
    </test> <!-- Default test -->
  </suite> <!-- Default suite -->
</testng-results>
